[NX v20.8.0 Daemon Server] - 2025-04-22T11:41:10.054Z - Started listening on: /tmp/nix-shell-1791937-0/32649d4e7241f504a54b/d.sock
[NX v20.8.0 Daemon Server] - 2025-04-22T11:41:10.057Z - [WATCHER]: Subscribed to changes within: /home/elian/Projects/TriliumNext/Notes (native)
[NX v20.8.0 Daemon Server] - 2025-04-22T11:41:10.059Z - Established a connection. Number of open connections: 1
[NX v20.8.0 Daemon Server] - 2025-04-22T11:41:10.059Z - Established a connection. Number of open connections: 2
[NX v20.8.0 Daemon Server] - 2025-04-22T11:41:10.060Z - Closed a connection. Number of open connections: 1
[NX v20.8.0 Daemon Server] - 2025-04-22T11:41:10.062Z - [REQUEST]: Responding to the client. Shutdown initiated
[NX v20.8.0 Daemon Server] - 2025-04-22T11:41:10.062Z - Done responding to the client Shutdown initiated
[NX v20.8.0 Daemon Server] - 2025-04-22T11:41:10.062Z - Handled FORCE_SHUTDOWN. Handling time: 1. Response time: 0.
[NX v20.8.0 Daemon Server] - 2025-04-22T11:41:10.062Z - Closed a connection. Number of open connections: 0
[NX v20.8.0 Daemon Server] - 2025-04-22T11:41:10.063Z - [WATCHER]: Stopping the watcher for /home/elian/Projects/TriliumNext/Notes (sources)
[NX v20.8.0 Daemon Server] - 2025-04-22T11:41:10.063Z - [WATCHER]: Stopping the watcher for /home/elian/Projects/TriliumNext/Notes (outputs)
[NX v20.8.0 Daemon Server] - 2025-04-22T11:41:10.063Z - Server stopped because: "Request to shutdown"
[NX v20.8.0 Daemon Server] - 2025-04-22T11:41:40.235Z - Started listening on: /tmp/nix-shell-1791937-0/32649d4e7241f504a54b/d.sock
[NX v20.8.0 Daemon Server] - 2025-04-22T11:41:40.236Z - [WATCHER]: Subscribed to changes within: /home/elian/Projects/TriliumNext/Notes (native)
[NX v20.8.0 Daemon Server] - 2025-04-22T11:41:40.244Z - Established a connection. Number of open connections: 1
[NX v20.8.0 Daemon Server] - 2025-04-22T11:41:40.244Z - Established a connection. Number of open connections: 2
[NX v20.8.0 Daemon Server] - 2025-04-22T11:41:40.246Z - Closed a connection. Number of open connections: 1
[NX v20.8.0 Daemon Server] - 2025-04-22T11:41:40.247Z - [REQUEST]: Client Request for Project Graph Received
[NX v20.8.0 Daemon Server] - 2025-04-22T11:41:40.407Z - Time taken for 'Load Nx Plugin: /home/elian/Projects/TriliumNext/Notes/node_modules/nx/src/plugins/project-json/build-nodes/project-json' 158.12251999999998ms
[NX v20.8.0 Daemon Server] - 2025-04-22T11:41:40.413Z - Time taken for 'Load Nx Plugin: /home/elian/Projects/TriliumNext/Notes/node_modules/nx/src/plugins/package-json' 164.35397100000003ms
[NX v20.8.0 Daemon Server] - 2025-04-22T11:41:40.415Z - Time taken for 'loadDefaultNxPlugins' 166.931329ms
[NX v20.8.0 Daemon Server] - 2025-04-22T11:41:40.449Z - [REQUEST]: Updated workspace context based on watched changes, recomputing project graph...
[NX v20.8.0 Daemon Server] - 2025-04-22T11:41:40.449Z - [REQUEST]: 
[NX v20.8.0 Daemon Server] - 2025-04-22T11:41:40.449Z - [REQUEST]: 
[NX v20.8.0 Daemon Server] - 2025-04-22T11:41:40.457Z - Time taken for 'loadSpecifiedNxPlugins' 198.43803200000002ms
[NX v20.8.0 Daemon Server] - 2025-04-22T11:41:40.652Z - Time taken for 'build-project-configs' 173.63142799999997ms
[NX v20.8.0 Daemon Server] - 2025-04-22T11:41:40.657Z - Time taken for '@nx/js/typescript:createDependencies' 11.820896000000062ms
[NX v20.8.0 Daemon Server] - 2025-04-22T11:41:41.255Z - [REQUEST]: Responding to the client with an error. Error when preparing serialized project graph. Failed to process project graph.
    ProjectsWithNoNameError: The projects in the following directories have no name provided:
    - _regroup
      at validateAndNormalizeProjectRootMap (/home/elian/Projects/TriliumNext/Notes/node_modules/nx/src/project-graph/utils/project-configuration-utils.js:470:15)
      at mergeCreateNodesResults (/home/elian/Projects/TriliumNext/Notes/node_modules/nx/src/project-graph/utils/project-configuration-utils.js:353:9)
      at /home/elian/Projects/TriliumNext/Notes/node_modules/nx/src/project-graph/utils/project-configuration-utils.js:297:85
      at process.processTicksAndRejections (node:internal/process/task_queues:105:5)
      at async processFilesAndCreateAndSerializeProjectGraph (/home/elian/Projects/TriliumNext/Notes/node_modules/nx/src/daemon/server/project-graph-incremental-recomputation.js:160:43)
      at async getCachedSerializedProjectGraphPromise (/home/elian/Projects/TriliumNext/Notes/node_modules/nx/src/daemon/server/project-graph-incremental-recomputation.js:52:24)
      at async handleRequestProjectGraph (/home/elian/Projects/TriliumNext/Notes/node_modules/nx/src/daemon/server/handle-request-project-graph.js:12:24)
      at async handleResult (/home/elian/Projects/TriliumNext/Notes/node_modules/nx/src/daemon/server/server.js:186:16)
      at async handleMessage (/home/elian/Projects/TriliumNext/Notes/node_modules/nx/src/daemon/server/server.js:109:9)
      at async /home/elian/Projects/TriliumNext/Notes/node_modules/nx/src/daemon/server/server.js:74:9
[NX v20.8.0 Daemon Server] - 2025-04-22T11:41:41.256Z - Done responding to the client null
[NX v20.8.0 Daemon Server] - 2025-04-22T11:41:41.256Z - Handled REQUEST_PROJECT_GRAPH. Handling time: 1008. Response time: 1.
[NX v20.8.0 Daemon Server] - 2025-04-22T11:41:41.256Z - Time taken for 'total execution time for createProjectGraph()' 609.373818ms
[NX v20.8.0 Daemon Server] - 2025-04-22T11:41:41.260Z - Closed a connection. Number of open connections: 0
[NX v20.8.0 Daemon Server] - 2025-04-22T11:41:56.345Z - Established a connection. Number of open connections: 1
[NX v20.8.0 Daemon Server] - 2025-04-22T11:41:56.346Z - Closed a connection. Number of open connections: 0
[NX v20.8.0 Daemon Server] - 2025-04-22T11:41:56.346Z - Established a connection. Number of open connections: 1
[NX v20.8.0 Daemon Server] - 2025-04-22T11:41:56.347Z - [REQUEST]: Client Request for Project Graph Received
[NX v20.8.0 Daemon Server] - 2025-04-22T11:41:56.347Z - [REQUEST]: Responding to the client with an error. Error when preparing serialized project graph. Failed to process project graph.
    ProjectsWithNoNameError: The projects in the following directories have no name provided:
    - _regroup
      at validateAndNormalizeProjectRootMap (/home/elian/Projects/TriliumNext/Notes/node_modules/nx/src/project-graph/utils/project-configuration-utils.js:470:15)
      at mergeCreateNodesResults (/home/elian/Projects/TriliumNext/Notes/node_modules/nx/src/project-graph/utils/project-configuration-utils.js:353:9)
      at /home/elian/Projects/TriliumNext/Notes/node_modules/nx/src/project-graph/utils/project-configuration-utils.js:297:85
      at process.processTicksAndRejections (node:internal/process/task_queues:105:5)
      at async processFilesAndCreateAndSerializeProjectGraph (/home/elian/Projects/TriliumNext/Notes/node_modules/nx/src/daemon/server/project-graph-incremental-recomputation.js:160:43)
      at async getCachedSerializedProjectGraphPromise (/home/elian/Projects/TriliumNext/Notes/node_modules/nx/src/daemon/server/project-graph-incremental-recomputation.js:52:24)
      at async handleRequestProjectGraph (/home/elian/Projects/TriliumNext/Notes/node_modules/nx/src/daemon/server/handle-request-project-graph.js:12:24)
      at async handleResult (/home/elian/Projects/TriliumNext/Notes/node_modules/nx/src/daemon/server/server.js:186:16)
      at async handleMessage (/home/elian/Projects/TriliumNext/Notes/node_modules/nx/src/daemon/server/server.js:109:9)
      at async /home/elian/Projects/TriliumNext/Notes/node_modules/nx/src/daemon/server/server.js:74:9
[NX v20.8.0 Daemon Server] - 2025-04-22T11:41:56.348Z - Done responding to the client null
[NX v20.8.0 Daemon Server] - 2025-04-22T11:41:56.348Z - Handled REQUEST_PROJECT_GRAPH. Handling time: 0. Response time: 1.
[NX v20.8.0 Daemon Server] - 2025-04-22T11:41:56.351Z - Closed a connection. Number of open connections: 0
[NX v20.8.0 Daemon Server] - 2025-04-22T11:42:30.321Z - [WATCHER]: .nxignore was created or restored
[NX v20.8.0 Daemon Server] - 2025-04-22T11:42:30.322Z - [WATCHER]: Processing file changes in outputs
[NX v20.8.0 Daemon Server] - 2025-04-22T11:42:30.322Z - [WATCHER]: Stopping the watcher for /home/elian/Projects/TriliumNext/Notes (sources)
[NX v20.8.0 Daemon Server] - 2025-04-22T11:42:30.322Z - [WATCHER]: Stopping the watcher for /home/elian/Projects/TriliumNext/Notes (outputs)
[NX v20.8.0 Daemon Server] - 2025-04-22T11:42:30.322Z - Server stopped because: "Stopping the daemon the set of ignored files changed (native)"
[NX v20.8.0 Daemon Server] - 2025-04-22T11:42:39.550Z - Started listening on: /tmp/nix-shell-1791937-0/32649d4e7241f504a54b/d.sock
[NX v20.8.0 Daemon Server] - 2025-04-22T11:42:39.551Z - [WATCHER]: Subscribed to changes within: /home/elian/Projects/TriliumNext/Notes (native)
[NX v20.8.0 Daemon Server] - 2025-04-22T11:42:39.555Z - Established a connection. Number of open connections: 1
[NX v20.8.0 Daemon Server] - 2025-04-22T11:42:39.555Z - Established a connection. Number of open connections: 2
[NX v20.8.0 Daemon Server] - 2025-04-22T11:42:39.557Z - Closed a connection. Number of open connections: 1
[NX v20.8.0 Daemon Server] - 2025-04-22T11:42:39.558Z - [REQUEST]: Client Request for Project Graph Received
[NX v20.8.0 Daemon Server] - 2025-04-22T11:42:39.708Z - Time taken for 'Load Nx Plugin: /home/elian/Projects/TriliumNext/Notes/node_modules/nx/src/plugins/package-json' 148.491489ms
[NX v20.8.0 Daemon Server] - 2025-04-22T11:42:39.713Z - Time taken for 'Load Nx Plugin: /home/elian/Projects/TriliumNext/Notes/node_modules/nx/src/plugins/project-json/build-nodes/project-json' 152.85566300000002ms
[NX v20.8.0 Daemon Server] - 2025-04-22T11:42:39.714Z - Time taken for 'loadDefaultNxPlugins' 155.146293ms
[NX v20.8.0 Daemon Server] - 2025-04-22T11:42:39.748Z - [REQUEST]: Updated workspace context based on watched changes, recomputing project graph...
[NX v20.8.0 Daemon Server] - 2025-04-22T11:42:39.748Z - [REQUEST]: 
[NX v20.8.0 Daemon Server] - 2025-04-22T11:42:39.748Z - [REQUEST]: 
[NX v20.8.0 Daemon Server] - 2025-04-22T11:42:39.754Z - Time taken for 'loadSpecifiedNxPlugins' 188.43800900000002ms
[NX v20.8.0 Daemon Server] - 2025-04-22T11:42:39.774Z - Time taken for 'build-project-configs' 7.200493999999992ms
[NX v20.8.0 Daemon Server] - 2025-04-22T11:42:39.776Z - Time taken for '@nx/js/typescript:createDependencies' 4.744866999999999ms
[NX v20.8.0 Daemon Server] - 2025-04-22T11:42:39.784Z - [SYNC]: collect registered sync generators
[NX v20.8.0 Daemon Server] - 2025-04-22T11:42:39.784Z - [REQUEST]: Responding to the client. project-graph
[NX v20.8.0 Daemon Server] - 2025-04-22T11:42:39.785Z - Done responding to the client project-graph
[NX v20.8.0 Daemon Server] - 2025-04-22T11:42:39.785Z - Handled REQUEST_PROJECT_GRAPH. Handling time: 226. Response time: 1.
[NX v20.8.0 Daemon Server] - 2025-04-22T11:42:39.785Z - Time taken for 'total for creating and serializing project graph' 226.21320699999998ms
[NX v20.8.0 Daemon Server] - 2025-04-22T11:44:36.544Z - Established a connection. Number of open connections: 2
[NX v20.8.0 Daemon Server] - 2025-04-22T11:44:36.544Z - Established a connection. Number of open connections: 3
[NX v20.8.0 Daemon Server] - 2025-04-22T11:44:36.545Z - Closed a connection. Number of open connections: 2
[NX v20.8.0 Daemon Server] - 2025-04-22T11:44:36.545Z - [REQUEST]: Client Request for Project Graph Received
[NX v20.8.0 Daemon Server] - 2025-04-22T11:44:36.545Z - [REQUEST]: Responding to the client. project-graph
[NX v20.8.0 Daemon Server] - 2025-04-22T11:44:36.545Z - Done responding to the client project-graph
[NX v20.8.0 Daemon Server] - 2025-04-22T11:44:36.545Z - Handled REQUEST_PROJECT_GRAPH. Handling time: 0. Response time: 0.
[NX v20.8.0 Daemon Server] - 2025-04-22T11:44:36.546Z - Time taken for 'total for creating and serializing project graph' 0.18013900000369176ms
[NX v20.8.0 Daemon Server] - 2025-04-22T11:44:36.549Z - [REQUEST]: Responding to the client. handleMultiGlob
[NX v20.8.0 Daemon Server] - 2025-04-22T11:44:36.549Z - Done responding to the client handleMultiGlob
[NX v20.8.0 Daemon Server] - 2025-04-22T11:44:36.549Z - Handled MULTI_GLOB. Handling time: 1. Response time: 0.
[NX v20.8.0 Daemon Server] - 2025-04-22T11:44:36.554Z - [REQUEST]: Responding to the client. handleGlob
[NX v20.8.0 Daemon Server] - 2025-04-22T11:44:36.554Z - Done responding to the client handleGlob
[NX v20.8.0 Daemon Server] - 2025-04-22T11:44:36.554Z - Handled GLOB. Handling time: 1. Response time: 0.
[NX v20.8.0 Daemon Server] - 2025-04-22T11:44:36.557Z - [REQUEST]: Responding to the client. handleHashMultiGlob
[NX v20.8.0 Daemon Server] - 2025-04-22T11:44:36.557Z - Done responding to the client handleHashMultiGlob
[NX v20.8.0 Daemon Server] - 2025-04-22T11:44:36.557Z - Handled HASH_GLOB. Handling time: 1. Response time: 0.
[NX v20.8.0 Daemon Server] - 2025-04-22T11:44:36.590Z - [REQUEST]: Client Request for Project Graph Received
[NX v20.8.0 Daemon Server] - 2025-04-22T11:44:36.591Z - [REQUEST]: Responding to the client. project-graph
[NX v20.8.0 Daemon Server] - 2025-04-22T11:44:36.591Z - Done responding to the client project-graph
[NX v20.8.0 Daemon Server] - 2025-04-22T11:44:36.591Z - Handled REQUEST_PROJECT_GRAPH. Handling time: 1. Response time: 0.
[NX v20.8.0 Daemon Server] - 2025-04-22T11:44:36.591Z - Time taken for 'total for creating and serializing project graph' 0.20473900000797585ms
[NX v20.8.0 Daemon Server] - 2025-04-22T11:44:40.297Z - Established a connection. Number of open connections: 3
[NX v20.8.0 Daemon Server] - 2025-04-22T11:44:40.298Z - Closed a connection. Number of open connections: 2
[NX v20.8.0 Daemon Server] - 2025-04-22T11:44:40.298Z - Established a connection. Number of open connections: 3
[NX v20.8.0 Daemon Server] - 2025-04-22T11:44:40.298Z - [REQUEST]: Client Request for Project Graph Received
[NX v20.8.0 Daemon Server] - 2025-04-22T11:44:40.299Z - [REQUEST]: Responding to the client. project-graph
[NX v20.8.0 Daemon Server] - 2025-04-22T11:44:40.299Z - Done responding to the client project-graph
[NX v20.8.0 Daemon Server] - 2025-04-22T11:44:40.299Z - Handled REQUEST_PROJECT_GRAPH. Handling time: 1. Response time: 0.
[NX v20.8.0 Daemon Server] - 2025-04-22T11:44:40.299Z - Time taken for 'total for creating and serializing project graph' 0.16915899999730755ms
[NX v20.8.0 Daemon Server] - 2025-04-22T11:44:40.333Z - [REQUEST]: Responding to the client. handleMultiGlob
[NX v20.8.0 Daemon Server] - 2025-04-22T11:44:40.334Z - Done responding to the client handleMultiGlob
[NX v20.8.0 Daemon Server] - 2025-04-22T11:44:40.334Z - Handled MULTI_GLOB. Handling time: 1. Response time: 1.
[NX v20.8.0 Daemon Server] - 2025-04-22T11:44:40.338Z - [REQUEST]: Responding to the client. handleHashMultiGlob
[NX v20.8.0 Daemon Server] - 2025-04-22T11:44:40.339Z - Done responding to the client handleHashMultiGlob
[NX v20.8.0 Daemon Server] - 2025-04-22T11:44:40.339Z - Handled HASH_GLOB. Handling time: 0. Response time: 1.
[NX v20.8.0 Daemon Server] - 2025-04-22T11:44:40.344Z - [REQUEST]: Client Request for Project Graph Received
[NX v20.8.0 Daemon Server] - 2025-04-22T11:44:40.344Z - [REQUEST]: Responding to the client. project-graph
[NX v20.8.0 Daemon Server] - 2025-04-22T11:44:40.344Z - Done responding to the client project-graph
[NX v20.8.0 Daemon Server] - 2025-04-22T11:44:40.344Z - Handled REQUEST_PROJECT_GRAPH. Handling time: 0. Response time: 0.
[NX v20.8.0 Daemon Server] - 2025-04-22T11:44:40.344Z - Time taken for 'total for creating and serializing project graph' 0.22610799998801667ms
[NX v20.8.0 Daemon Server] - 2025-04-22T11:44:40.352Z - [REQUEST]: Client Request for Project Graph Received
[NX v20.8.0 Daemon Server] - 2025-04-22T11:44:40.353Z - [REQUEST]: Responding to the client. project-graph
[NX v20.8.0 Daemon Server] - 2025-04-22T11:44:40.353Z - Done responding to the client project-graph
[NX v20.8.0 Daemon Server] - 2025-04-22T11:44:40.353Z - Handled REQUEST_PROJECT_GRAPH. Handling time: 1. Response time: 0.
[NX v20.8.0 Daemon Server] - 2025-04-22T11:44:40.353Z - Time taken for 'total for creating and serializing project graph' 0.24013799999374896ms
[NX v20.8.0 Daemon Server] - 2025-04-22T11:44:40.451Z - [WATCHER]: 13 file(s) created or restored, 4 file(s) modified, 0 file(s) deleted
[NX v20.8.0 Daemon Server] - 2025-04-22T11:44:40.452Z - [WATCHER]: Processing file changes in outputs
[NX v20.8.0 Daemon Server] - 2025-04-22T11:44:40.452Z - Closed a connection. Number of open connections: 2
[NX v20.8.0 Daemon Server] - 2025-04-22T11:44:40.452Z - Closed a connection. Number of open connections: 1
[NX v20.8.0 Daemon Server] - 2025-04-22T11:44:40.452Z - Closed a connection. Number of open connections: 0
[NX v20.8.0 Daemon Server] - 2025-04-22T11:44:40.452Z - [WATCHER]: Stopping the watcher for /home/elian/Projects/TriliumNext/Notes (sources)
[NX v20.8.0 Daemon Server] - 2025-04-22T11:44:40.452Z - [WATCHER]: Stopping the watcher for /home/elian/Projects/TriliumNext/Notes (outputs)
[NX v20.8.0 Daemon Server] - 2025-04-22T11:44:40.453Z - Server stopped because: "Stopping the daemon the set of ignored files changed (native)"
[NX v20.8.0 Daemon Server] - 2025-04-22T12:05:43.394Z - Started listening on: /tmp/32649d4e7241f504a54b/d.sock
[NX v20.8.0 Daemon Server] - 2025-04-22T12:05:43.395Z - [WATCHER]: Subscribed to changes within: /home/elian/Projects/TriliumNext/Notes (native)
[NX v20.8.0 Daemon Server] - 2025-04-22T12:05:43.398Z - Established a connection. Number of open connections: 1
[NX v20.8.0 Daemon Server] - 2025-04-22T12:05:43.399Z - Established a connection. Number of open connections: 2
[NX v20.8.0 Daemon Server] - 2025-04-22T12:05:43.400Z - Closed a connection. Number of open connections: 1
[NX v20.8.0 Daemon Server] - 2025-04-22T12:05:43.401Z - [REQUEST]: Client Request for Project Graph Received
[NX v20.8.0 Daemon Server] - 2025-04-22T12:05:43.563Z - Time taken for 'Load Nx Plugin: /home/elian/Projects/TriliumNext/Notes/node_modules/nx/src/plugins/js' 160.201567ms
[NX v20.8.0 Daemon Server] - 2025-04-22T12:05:43.574Z - Time taken for 'Load Nx Plugin: /home/elian/Projects/TriliumNext/Notes/node_modules/nx/src/plugins/package-json' 171.48056000000003ms
[NX v20.8.0 Daemon Server] - 2025-04-22T12:05:43.576Z - Time taken for 'loadDefaultNxPlugins' 173.46107899999998ms
[NX v20.8.0 Daemon Server] - 2025-04-22T12:05:43.602Z - Time taken for 'Load Nx Plugin: @nx/eslint/plugin' 199.80187ms
[NX v20.8.0 Daemon Server] - 2025-04-22T12:05:43.610Z - Time taken for 'Load Nx Plugin: @nx/js/typescript' 208.775493ms
[NX v20.8.0 Daemon Server] - 2025-04-22T12:05:43.640Z - [REQUEST]: Updated workspace context based on watched changes, recomputing project graph...
[NX v20.8.0 Daemon Server] - 2025-04-22T12:05:43.640Z - [REQUEST]: 
[NX v20.8.0 Daemon Server] - 2025-04-22T12:05:43.640Z - [REQUEST]: 
[NX v20.8.0 Daemon Server] - 2025-04-22T12:05:43.649Z - Time taken for 'loadSpecifiedNxPlugins' 237.743504ms
[NX v20.8.0 Daemon Server] - 2025-04-22T12:05:43.650Z - Established a connection. Number of open connections: 2
[NX v20.8.0 Daemon Server] - 2025-04-22T12:05:43.650Z - Closed a connection. Number of open connections: 1
[NX v20.8.0 Daemon Server] - 2025-04-22T12:05:43.651Z - Established a connection. Number of open connections: 2
[NX v20.8.0 Daemon Server] - 2025-04-22T12:05:43.651Z - Established a connection. Number of open connections: 3
[NX v20.8.0 Daemon Server] - 2025-04-22T12:05:43.653Z - [REQUEST]: Responding to the client. handleGlob
[NX v20.8.0 Daemon Server] - 2025-04-22T12:05:43.653Z - Done responding to the client handleGlob
[NX v20.8.0 Daemon Server] - 2025-04-22T12:05:43.653Z - Handled GLOB. Handling time: 2. Response time: 0.
[NX v20.8.0 Daemon Server] - 2025-04-22T12:05:43.654Z - Established a connection. Number of open connections: 4
[NX v20.8.0 Daemon Server] - 2025-04-22T12:05:43.654Z - Closed a connection. Number of open connections: 3
[NX v20.8.0 Daemon Server] - 2025-04-22T12:05:43.655Z - [REQUEST]: Responding to the client. handleHashMultiGlob
[NX v20.8.0 Daemon Server] - 2025-04-22T12:05:43.655Z - Done responding to the client handleHashMultiGlob
[NX v20.8.0 Daemon Server] - 2025-04-22T12:05:43.655Z - Handled HASH_GLOB. Handling time: 1. Response time: 0.
[NX v20.8.0 Daemon Server] - 2025-04-22T12:05:43.657Z - [REQUEST]: Responding to the client. handleHashMultiGlob
[NX v20.8.0 Daemon Server] - 2025-04-22T12:05:43.658Z - Done responding to the client handleHashMultiGlob
[NX v20.8.0 Daemon Server] - 2025-04-22T12:05:43.658Z - Handled HASH_GLOB. Handling time: 1. Response time: 1.
[NX v20.8.0 Daemon Server] - 2025-04-22T12:05:44.446Z - Time taken for 'build-project-configs' 780.802957ms
[NX v20.8.0 Daemon Server] - 2025-04-22T12:05:44.451Z - Time taken for '@nx/vite/plugin:createDependencies' 8.71246300000007ms
[NX v20.8.0 Daemon Server] - 2025-04-22T12:05:44.451Z - Time taken for '@nx/js/typescript:createDependencies' 10.840796999999839ms
[NX v20.8.0 Daemon Server] - 2025-04-22T12:05:44.498Z - [SYNC]: collect registered sync generators
[NX v20.8.0 Daemon Server] - 2025-04-22T12:05:44.498Z - [SYNC]: scheduling: ["@nx/js:typescript-sync"]
[NX v20.8.0 Daemon Server] - 2025-04-22T12:05:44.498Z - [REQUEST]: Responding to the client. project-graph
[NX v20.8.0 Daemon Server] - 2025-04-22T12:05:44.499Z - Time taken for 'total for creating and serializing project graph' 1097.3715750000001ms
[NX v20.8.0 Daemon Server] - 2025-04-22T12:05:44.499Z - Done responding to the client project-graph
[NX v20.8.0 Daemon Server] - 2025-04-22T12:05:44.499Z - Handled REQUEST_PROJECT_GRAPH. Handling time: 1097. Response time: 1.
[NX v20.8.0 Daemon Server] - 2025-04-22T12:05:44.504Z - [REQUEST]: Responding to the client. handleRunPreTasksExecution
[NX v20.8.0 Daemon Server] - 2025-04-22T12:05:44.504Z - Done responding to the client handleRunPreTasksExecution
[NX v20.8.0 Daemon Server] - 2025-04-22T12:05:44.504Z - Handled PRE_TASKS_EXECUTION. Handling time: 0. Response time: 0.
[NX v20.8.0 Daemon Server] - 2025-04-22T12:05:44.504Z - Time taken for 'preTasksExecution' 0.3649589999999989ms
[NX v20.8.0 Daemon Server] - 2025-04-22T12:05:44.566Z - [REQUEST]: Responding to the client. handleHashTasks
[NX v20.8.0 Daemon Server] - 2025-04-22T12:05:44.566Z - Done responding to the client handleHashTasks
[NX v20.8.0 Daemon Server] - 2025-04-22T12:05:44.566Z - Handled HASH_TASKS. Handling time: 7. Response time: 0.
[NX v20.8.0 Daemon Server] - 2025-04-22T12:05:44.575Z - [REQUEST]: Responding to the client. handleGetEstimatedTaskTimings
[NX v20.8.0 Daemon Server] - 2025-04-22T12:05:44.575Z - Done responding to the client handleGetEstimatedTaskTimings
[NX v20.8.0 Daemon Server] - 2025-04-22T12:05:44.575Z - Handled GET_ESTIMATED_TASK_TIMINGS. Handling time: 1. Response time: 0.
[NX v20.8.0 Daemon Server] - 2025-04-22T12:05:44.598Z - [SYNC]: running scheduled generator @nx/js:typescript-sync
[NX v20.8.0 Daemon Server] - 2025-04-22T12:05:44.797Z - Established a connection. Number of open connections: 4
[NX v20.8.0 Daemon Server] - 2025-04-22T12:05:44.798Z - Established a connection. Number of open connections: 5
[NX v20.8.0 Daemon Server] - 2025-04-22T12:05:44.798Z - Closed a connection. Number of open connections: 4
[NX v20.8.0 Daemon Server] - 2025-04-22T12:05:44.799Z - [REQUEST]: Client Request for Project Graph Received
[NX v20.8.0 Daemon Server] - 2025-04-22T12:05:44.799Z - [REQUEST]: Responding to the client. project-graph
[NX v20.8.0 Daemon Server] - 2025-04-22T12:05:44.799Z - Time taken for 'total for creating and serializing project graph' 0.17036400000006324ms
[NX v20.8.0 Daemon Server] - 2025-04-22T12:05:44.800Z - Done responding to the client project-graph
[NX v20.8.0 Daemon Server] - 2025-04-22T12:05:44.800Z - Handled REQUEST_PROJECT_GRAPH. Handling time: 0. Response time: 1.
[NX v20.8.0 Daemon Server] - 2025-04-22T12:05:44.803Z - [SYNC]: @nx/js:typescript-sync changes: 
[NX v20.8.0 Daemon Server] - 2025-04-22T12:05:44.803Z - Time taken for 'run-sync-generator:@nx/js:typescript-sync' 204.32762200000002ms
[NX v20.8.0 Daemon Server] - 2025-04-22T12:05:45.046Z - [WATCHER]: 16 file(s) created or restored, 0 file(s) modified, 0 file(s) deleted
[NX v20.8.0 Daemon Server] - 2025-04-22T12:05:45.048Z - [WATCHER]: Processing file changes in outputs
[NX v20.8.0 Daemon Server] - 2025-04-22T12:05:45.148Z - [REQUEST]: Updated workspace context based on watched changes, recomputing project graph...
[NX v20.8.0 Daemon Server] - 2025-04-22T12:05:45.148Z - [REQUEST]: packages/commons/dist/lib/i18n.js,packages/commons/dist/lib/rows.js,packages/commons/dist/lib/hidden_subtree.js,packages/commons/dist/lib/test-utils.js.map,packages/commons/dist/lib/index.js,packages/commons/dist/lib/options_interface.js,packages/commons/dist/lib/i18n.js.map,packages/commons/dist/lib/keyboard_actions_interface.js.map,packages/commons/dist/index.js.map,packages/commons/dist/lib/test-utils.js,packages/commons/dist/lib/hidden_subtree.js.map,packages/commons/dist/index.js,packages/commons/dist/lib/index.js.map,packages/commons/dist/lib/options_interface.js.map,packages/commons/dist/lib/rows.js.map,packages/commons/dist/lib/keyboard_actions_interface.js
[NX v20.8.0 Daemon Server] - 2025-04-22T12:05:45.148Z - [REQUEST]: 
[NX v20.8.0 Daemon Server] - 2025-04-22T12:05:45.155Z - [REQUEST]: Responding to the client. handleGlob
[NX v20.8.0 Daemon Server] - 2025-04-22T12:05:45.155Z - Done responding to the client handleGlob
[NX v20.8.0 Daemon Server] - 2025-04-22T12:05:45.155Z - Handled GLOB. Handling time: 1. Response time: 0.
[NX v20.8.0 Daemon Server] - 2025-04-22T12:05:45.156Z - Time taken for 'hash changed files from watcher' 1.3690389999999297ms
[NX v20.8.0 Daemon Server] - 2025-04-22T12:05:45.157Z - [REQUEST]: Responding to the client. handleHashMultiGlob
[NX v20.8.0 Daemon Server] - 2025-04-22T12:05:45.157Z - Done responding to the client handleHashMultiGlob
[NX v20.8.0 Daemon Server] - 2025-04-22T12:05:45.157Z - Handled HASH_GLOB. Handling time: 1. Response time: 0.
[NX v20.8.0 Daemon Server] - 2025-04-22T12:05:45.159Z - [REQUEST]: Responding to the client. handleHashMultiGlob
[NX v20.8.0 Daemon Server] - 2025-04-22T12:05:45.159Z - Done responding to the client handleHashMultiGlob
[NX v20.8.0 Daemon Server] - 2025-04-22T12:05:45.159Z - Handled HASH_GLOB. Handling time: 1. Response time: 0.
[NX v20.8.0 Daemon Server] - 2025-04-22T12:05:45.189Z - Time taken for 'build-project-configs' 30.09471099999996ms
[NX v20.8.0 Daemon Server] - 2025-04-22T12:05:45.191Z - Time taken for '@nx/js/typescript:createDependencies' 5.747974999999997ms
[NX v20.8.0 Daemon Server] - 2025-04-22T12:05:45.206Z - [SYNC]: collect registered sync generators
[NX v20.8.0 Daemon Server] - 2025-04-22T12:05:45.206Z - [SYNC]: project graph hash is the same, not collecting task sync generators
[NX v20.8.0 Daemon Server] - 2025-04-22T12:05:45.206Z - [SYNC]: nx.json hash is the same, not collecting global sync generators
[NX v20.8.0 Daemon Server] - 2025-04-22T12:05:45.206Z - [SYNC]: scheduling: ["@nx/js:typescript-sync"]
[NX v20.8.0 Daemon Server] - 2025-04-22T12:05:45.206Z - Time taken for 'total execution time for createProjectGraph()' 15.297562999999855ms
[NX v20.8.0 Daemon Server] - 2025-04-22T12:05:45.406Z - [SYNC]: running scheduled generator @nx/js:typescript-sync
[NX v20.8.0 Daemon Server] - 2025-04-22T12:05:45.407Z - [REQUEST]: Client Request for Project Graph Received
[NX v20.8.0 Daemon Server] - 2025-04-22T12:05:45.408Z - [REQUEST]: Responding to the client. project-graph
[NX v20.8.0 Daemon Server] - 2025-04-22T12:05:45.408Z - Time taken for 'total for creating and serializing project graph' 0.14946599999984755ms
[NX v20.8.0 Daemon Server] - 2025-04-22T12:05:45.408Z - Done responding to the client project-graph
[NX v20.8.0 Daemon Server] - 2025-04-22T12:05:45.408Z - Handled REQUEST_PROJECT_GRAPH. Handling time: 1. Response time: 0.
[NX v20.8.0 Daemon Server] - 2025-04-22T12:05:45.411Z - [SYNC]: @nx/js:typescript-sync changes: 
[NX v20.8.0 Daemon Server] - 2025-04-22T12:05:45.411Z - Time taken for 'run-sync-generator:@nx/js:typescript-sync' 4.097105000000283ms
[NX v20.8.0 Daemon Server] - 2025-04-22T12:05:45.729Z - [REQUEST]: Responding to the client. recordOutputsHash
[NX v20.8.0 Daemon Server] - 2025-04-22T12:05:45.730Z - Done responding to the client recordOutputsHash
[NX v20.8.0 Daemon Server] - 2025-04-22T12:05:45.730Z - Handled RECORD_OUTPUTS_HASH. Handling time: 2. Response time: 1.
[NX v20.8.0 Daemon Server] - 2025-04-22T12:05:45.757Z - [REQUEST]: Responding to the client. handleRecordTaskRuns
[NX v20.8.0 Daemon Server] - 2025-04-22T12:05:45.757Z - Done responding to the client handleRecordTaskRuns
[NX v20.8.0 Daemon Server] - 2025-04-22T12:05:45.757Z - Handled RECORD_TASK_RUNS. Handling time: 13. Response time: 0.
[NX v20.8.0 Daemon Server] - 2025-04-22T12:05:45.758Z - [WATCHER]: packages/commons/dist/tsconfig.lib.tsbuildinfo was created or restored
[NX v20.8.0 Daemon Server] - 2025-04-22T12:05:45.758Z - [WATCHER]: Processing file changes in outputs
[NX v20.8.0 Daemon Server] - 2025-04-22T12:05:45.758Z - [REQUEST]: Responding to the client. handleGetFlakyTasks
[NX v20.8.0 Daemon Server] - 2025-04-22T12:05:45.758Z - Done responding to the client handleGetFlakyTasks
[NX v20.8.0 Daemon Server] - 2025-04-22T12:05:45.758Z - Handled GET_FLAKY_TASKS. Handling time: 0. Response time: 0.
[NX v20.8.0 Daemon Server] - 2025-04-22T12:05:45.761Z - [REQUEST]: Responding to the client. handleRunPostTasksExecution
[NX v20.8.0 Daemon Server] - 2025-04-22T12:05:45.761Z - Done responding to the client handleRunPostTasksExecution
[NX v20.8.0 Daemon Server] - 2025-04-22T12:05:45.761Z - Handled POST_TASKS_EXECUTION. Handling time: 1. Response time: 0.
[NX v20.8.0 Daemon Server] - 2025-04-22T12:05:45.761Z - Time taken for 'postTasksExecution' 0.22150300000021161ms
[NX v20.8.0 Daemon Server] - 2025-04-22T12:05:45.770Z - Closed a connection. Number of open connections: 3
[NX v20.8.0 Daemon Server] - 2025-04-22T12:05:45.858Z - [REQUEST]: Updated workspace context based on watched changes, recomputing project graph...
[NX v20.8.0 Daemon Server] - 2025-04-22T12:05:45.858Z - [REQUEST]: packages/commons/dist/tsconfig.lib.tsbuildinfo
[NX v20.8.0 Daemon Server] - 2025-04-22T12:05:45.858Z - [REQUEST]: 
[NX v20.8.0 Daemon Server] - 2025-04-22T12:05:45.866Z - [REQUEST]: Responding to the client. handleGlob
[NX v20.8.0 Daemon Server] - 2025-04-22T12:05:45.866Z - Done responding to the client handleGlob
[NX v20.8.0 Daemon Server] - 2025-04-22T12:05:45.866Z - Handled GLOB. Handling time: 2. Response time: 0.
[NX v20.8.0 Daemon Server] - 2025-04-22T12:05:45.866Z - Time taken for 'hash changed files from watcher' 0.9898899999998321ms
[NX v20.8.0 Daemon Server] - 2025-04-22T12:05:45.867Z - [REQUEST]: Responding to the client. handleHashMultiGlob
[NX v20.8.0 Daemon Server] - 2025-04-22T12:05:45.867Z - Done responding to the client handleHashMultiGlob
[NX v20.8.0 Daemon Server] - 2025-04-22T12:05:45.867Z - Handled HASH_GLOB. Handling time: 1. Response time: 0.
[NX v20.8.0 Daemon Server] - 2025-04-22T12:05:45.870Z - [REQUEST]: Responding to the client. handleHashMultiGlob
[NX v20.8.0 Daemon Server] - 2025-04-22T12:05:45.870Z - Done responding to the client handleHashMultiGlob
[NX v20.8.0 Daemon Server] - 2025-04-22T12:05:45.870Z - Handled HASH_GLOB. Handling time: 2. Response time: 0.
[NX v20.8.0 Daemon Server] - 2025-04-22T12:05:45.896Z - Time taken for 'build-project-configs' 27.499289999999746ms
[NX v20.8.0 Daemon Server] - 2025-04-22T12:05:45.899Z - Time taken for '@nx/vite/plugin:createDependencies' 4.688506999999845ms
[NX v20.8.0 Daemon Server] - 2025-04-22T12:05:45.899Z - Time taken for '@nx/js/typescript:createDependencies' 6.085484000000179ms
[NX v20.8.0 Daemon Server] - 2025-04-22T12:05:45.912Z - [SYNC]: collect registered sync generators
[NX v20.8.0 Daemon Server] - 2025-04-22T12:05:45.912Z - [SYNC]: project graph hash is the same, not collecting task sync generators
[NX v20.8.0 Daemon Server] - 2025-04-22T12:05:45.912Z - [SYNC]: nx.json hash is the same, not collecting global sync generators
[NX v20.8.0 Daemon Server] - 2025-04-22T12:05:45.912Z - [SYNC]: scheduling: ["@nx/js:typescript-sync"]
[NX v20.8.0 Daemon Server] - 2025-04-22T12:05:45.912Z - Time taken for 'total execution time for createProjectGraph()' 14.347531999999774ms
[NX v20.8.0 Daemon Server] - 2025-04-22T12:05:46.312Z - [SYNC]: running scheduled generator @nx/js:typescript-sync
[NX v20.8.0 Daemon Server] - 2025-04-22T12:05:46.313Z - [REQUEST]: Client Request for Project Graph Received
[NX v20.8.0 Daemon Server] - 2025-04-22T12:05:46.314Z - [REQUEST]: Responding to the client. project-graph
[NX v20.8.0 Daemon Server] - 2025-04-22T12:05:46.314Z - Time taken for 'total for creating and serializing project graph' 0.20118299999967348ms
[NX v20.8.0 Daemon Server] - 2025-04-22T12:05:46.314Z - Done responding to the client project-graph
[NX v20.8.0 Daemon Server] - 2025-04-22T12:05:46.314Z - Handled REQUEST_PROJECT_GRAPH. Handling time: 1. Response time: 0.
[NX v20.8.0 Daemon Server] - 2025-04-22T12:05:46.318Z - [SYNC]: @nx/js:typescript-sync changes: 
[NX v20.8.0 Daemon Server] - 2025-04-22T12:05:46.318Z - Time taken for 'run-sync-generator:@nx/js:typescript-sync' 5.457574000000022ms
[NX v20.8.0 Daemon Server] - 2025-04-22T12:06:29.777Z - Established a connection. Number of open connections: 4
[NX v20.8.0 Daemon Server] - 2025-04-22T12:06:29.777Z - Closed a connection. Number of open connections: 3
[NX v20.8.0 Daemon Server] - 2025-04-22T12:06:29.778Z - Established a connection. Number of open connections: 4
[NX v20.8.0 Daemon Server] - 2025-04-22T12:06:29.779Z - [REQUEST]: Client Request for Project Graph Received
[NX v20.8.0 Daemon Server] - 2025-04-22T12:06:29.779Z - [REQUEST]: Responding to the client. project-graph
[NX v20.8.0 Daemon Server] - 2025-04-22T12:06:29.779Z - Time taken for 'total for creating and serializing project graph' 0.1761049999986426ms
[NX v20.8.0 Daemon Server] - 2025-04-22T12:06:29.780Z - Done responding to the client project-graph
[NX v20.8.0 Daemon Server] - 2025-04-22T12:06:29.780Z - Handled REQUEST_PROJECT_GRAPH. Handling time: 0. Response time: 1.
[NX v20.8.0 Daemon Server] - 2025-04-22T12:06:29.784Z - [REQUEST]: Responding to the client. handleRunPreTasksExecution
[NX v20.8.0 Daemon Server] - 2025-04-22T12:06:29.784Z - Done responding to the client handleRunPreTasksExecution
[NX v20.8.0 Daemon Server] - 2025-04-22T12:06:29.784Z - Handled PRE_TASKS_EXECUTION. Handling time: 1. Response time: 0.
[NX v20.8.0 Daemon Server] - 2025-04-22T12:06:29.784Z - Time taken for 'preTasksExecution' 0.1197969999993802ms
[NX v20.8.0 Daemon Server] - 2025-04-22T12:06:29.806Z - [REQUEST]: Responding to the client. handleHashTasks
[NX v20.8.0 Daemon Server] - 2025-04-22T12:06:29.806Z - Done responding to the client handleHashTasks
[NX v20.8.0 Daemon Server] - 2025-04-22T12:06:29.806Z - Handled HASH_TASKS. Handling time: 5. Response time: 0.
[NX v20.8.0 Daemon Server] - 2025-04-22T12:06:29.836Z - [REQUEST]: Responding to the client. handleGetEstimatedTaskTimings
[NX v20.8.0 Daemon Server] - 2025-04-22T12:06:29.836Z - Done responding to the client handleGetEstimatedTaskTimings
[NX v20.8.0 Daemon Server] - 2025-04-22T12:06:29.836Z - Handled GET_ESTIMATED_TASK_TIMINGS. Handling time: 0. Response time: 0.
[NX v20.8.0 Daemon Server] - 2025-04-22T12:06:30.538Z - [REQUEST]: Responding to the client. recordOutputsHash
[NX v20.8.0 Daemon Server] - 2025-04-22T12:06:30.538Z - Done responding to the client recordOutputsHash
[NX v20.8.0 Daemon Server] - 2025-04-22T12:06:30.538Z - Handled RECORD_OUTPUTS_HASH. Handling time: 1. Response time: 0.
[NX v20.8.0 Daemon Server] - 2025-04-22T12:06:30.554Z - [REQUEST]: Responding to the client. handleRecordTaskRuns
[NX v20.8.0 Daemon Server] - 2025-04-22T12:06:30.554Z - Done responding to the client handleRecordTaskRuns
[NX v20.8.0 Daemon Server] - 2025-04-22T12:06:30.554Z - Handled RECORD_TASK_RUNS. Handling time: 6. Response time: 0.
[NX v20.8.0 Daemon Server] - 2025-04-22T12:06:30.555Z - [REQUEST]: Responding to the client. handleGetFlakyTasks
[NX v20.8.0 Daemon Server] - 2025-04-22T12:06:30.555Z - Done responding to the client handleGetFlakyTasks
[NX v20.8.0 Daemon Server] - 2025-04-22T12:06:30.555Z - Handled GET_FLAKY_TASKS. Handling time: 0. Response time: 0.
[NX v20.8.0 Daemon Server] - 2025-04-22T12:06:30.557Z - [REQUEST]: Responding to the client. handleRunPostTasksExecution
[NX v20.8.0 Daemon Server] - 2025-04-22T12:06:30.557Z - Done responding to the client handleRunPostTasksExecution
[NX v20.8.0 Daemon Server] - 2025-04-22T12:06:30.557Z - Handled POST_TASKS_EXECUTION. Handling time: 0. Response time: 0.
[NX v20.8.0 Daemon Server] - 2025-04-22T12:06:30.557Z - Time taken for 'postTasksExecution' 0.09569699999701697ms
[NX v20.8.0 Daemon Server] - 2025-04-22T12:06:30.565Z - Closed a connection. Number of open connections: 3
